# JRE version: OpenJDK Runtime Environment Temurin-11.0.14.1+1 (11.0.14.1+1) (build 11.0.14.1+1)
# Java VM: OpenJDK 64-Bit Server VM Temurin-11.0.14.1+1 (11.0.14.1+1, mixed mode, tiered, compressed oops, g1 gc, windows-amd64)
Heap:
 garbage-first heap   total 391168K, used 51987K [0x0000000682400000, 0x0000000800000000)
  region size 1024K, 47 young (48128K), 3 survivors (3072K)
 Metaspace       used 24682K, capacity 25075K, committed 25212K, reserved 1071104K
  class space    used 2523K, capacity 2667K, committed 2764K, reserved 1048576K
GC Heap History (6 events):
Event: 2.897 GC heap before
{Heap before GC invocations=0 (full 0):
 garbage-first heap   total 391168K, used 24576K [0x0000000682400000, 0x0000000800000000)
  region size 1024K, 24 young (24576K), 0 survivors (0K)
 Metaspace       used 16002K, capacity 16329K, committed 16512K, reserved 1064960K
  class space    used 1519K, capacity 1658K, committed 1664K, reserved 1048576K
}
Event: 2.937 GC heap after
{Heap after GC invocations=1 (full 0):
 garbage-first heap   total 391168K, used 4394K [0x0000000682400000, 0x0000000800000000)
  region size 1024K, 3 young (3072K), 3 survivors (3072K)
 Metaspace       used 16002K, capacity 16329K, committed 16512K, reserved 1064960K
  class space    used 1519K, capacity 1658K, committed 1664K, reserved 1048576K
}
Event: 6.350 GC heap before
{Heap before GC invocations=1 (full 0):
 garbage-first heap   total 391168K, used 14634K [0x0000000682400000, 0x0000000800000000)
  region size 1024K, 14 young (14336K), 3 survivors (3072K)
 Metaspace       used 20936K, capacity 21216K, committed 21296K, reserved 1069056K
  class space    used 2048K, capacity 2172K, committed 2176K, reserved 1048576K
}
Event: 6.360 GC heap after
{Heap after GC invocations=2 (full 0):
 garbage-first heap   total 391168K, used 6355K [0x0000000682400000, 0x0000000800000000)
  region size 1024K, 5 young (5120K), 5 survivors (5120K)
 Metaspace       used 20936K, capacity 21216K, committed 21296K, reserved 1069056K
  class space    used 2048K, capacity 2172K, committed 2176K, reserved 1048576K
}
Event: 7.058 GC heap before
{Heap before GC invocations=3 (full 0):
 garbage-first heap   total 391168K, used 24787K [0x0000000682400000, 0x0000000800000000)
  region size 1024K, 23 young (23552K), 5 survivors (5120K)
 Metaspace       used 23980K, capacity 24386K, committed 24572K, reserved 1071104K
  class space    used 2469K, capacity 2609K, committed 2636K, reserved 1048576K
}
Event: 7.129 GC heap after
{Heap after GC invocations=4 (full 0):
 garbage-first heap   total 391168K, used 8979K [0x0000000682400000, 0x0000000800000000)
  region size 1024K, 3 young (3072K), 3 survivors (3072K)
 Metaspace       used 23980K, capacity 24386K, committed 24572K, reserved 1071104K
  class space    used 2469K, capacity 2609K, committed 2636K, reserved 1048576K
}

